<?xml version="1.0" encoding="UTF-8"?>
<!-- Generated by org.testng.reporters.JUnitReportReporter -->
<testsuite skipped="0" hostname="iMac.local" name="UI.SearchTest" tests="4" failures="0" timestamp="2022-11-27T02:29:05 NZDT" time="173.798" errors="0">
  <testcase name="SearchFerrari" time="37.948" classname="UI.SearchTest"/>
  <system-out/>
  <testcase name="SearchMazda" time="51.807" classname="UI.SearchTest"/>
  <system-out/>
  <testcase name="SearchHonda" time="44.345" classname="UI.SearchTest"/>
  <system-out/>
  <testcase name="SearchBMW" time="39.698" classname="UI.SearchTest"/>
  <system-out/>
</testsuite> <!-- UI.SearchTest -->
