<?xml version="1.0" encoding="UTF-8"?>
<!-- Generated by org.testng.reporters.JUnitReportReporter -->
<testsuite skipped="0" hostname="iMac.local" name="UI.MotorSearch" tests="4" failures="0" timestamp="2022-11-27T02:41:38 NZDT" time="153.662" errors="0">
  <testcase name="SearchMazda" time="36.894" classname="UI.MotorSearch"/>
  <system-out/>
  <testcase name="SearchBMW" time="39.313" classname="UI.MotorSearch"/>
  <system-out/>
  <testcase name="SearchHonda" time="41.595" classname="UI.MotorSearch"/>
  <system-out/>
  <testcase name="SearchFerrari" time="35.860" classname="UI.MotorSearch"/>
  <system-out/>
</testsuite> <!-- UI.MotorSearch -->
